c:\src\cg\lecture3\lecture3skeletonstart\lecture3skeletonstart\program1\debug\vc140.pdb
c:\src\cg\lecture3\lecture3skeletonstart\lecture3skeletonstart\program1\debug\vc140.idb
c:\src\cg\lecture3\lecture3skeletonstart\lecture3skeletonstart\program1\debug\vc141.pdb
c:\src\cg\lecture3\lecture3skeletonstart\lecture3skeletonstart\program1\debug\vc141.idb
c:\src\cg\lecture3\lecture3skeletonstart\lecture3skeletonstart\program1\debug\main.obj
c:\users\ev0057149\windesheim office365\team sesa - documents\gp - computer graphics\1. weekly schedule\week 4\programs\lecture 4 - 1 - skeleton start\program1\debug\vc141.pdb
c:\users\ev0057149\windesheim office365\team sesa - documents\gp - computer graphics\1. weekly schedule\week 4\programs\lecture 4 - 1 - skeleton start\program1\debug\vc141.idb
c:\users\ev0057149\windesheim office365\team sesa - documents\gp - computer graphics\1. weekly schedule\week 4\programs\lecture 4 - 1 - skeleton start\program1\debug\main.obj
c:\src\cg2018\alle solutions\lecture 4 - 1 - skeleton start\program1\debug\vc141.pdb
c:\src\cg2018\alle solutions\lecture 4 - 1 - skeleton start\program1\debug\vc141.idb
c:\src\cg2018\alle solutions\lecture 4 - 1 - skeleton start\program1\debug\main.obj
c:\src\cg\lecture3\lecture3skeletonstart\lecture3skeletonstart\debug\program1.exe
c:\src\cg\lecture3\lecture3skeletonstart\lecture3skeletonstart\debug\program1.ilk
c:\src\cg\lecture3\lecture3skeletonstart\lecture3skeletonstart\debug\program1.pdb
c:\users\ev0057149\windesheim office365\team sesa - documents\gp - computer graphics\1. weekly schedule\week 4\programs\lecture 4 - 1 - skeleton start\debug\program1.exe
c:\users\ev0057149\windesheim office365\team sesa - documents\gp - computer graphics\1. weekly schedule\week 4\programs\lecture 4 - 1 - skeleton start\debug\program1.ilk
c:\users\ev0057149\windesheim office365\team sesa - documents\gp - computer graphics\1. weekly schedule\week 4\programs\lecture 4 - 1 - skeleton start\debug\program1.pdb
c:\src\cg2018\alle solutions\lecture 4 - 1 - skeleton start\debug\program1.ilk
c:\src\cg2018\alle solutions\lecture 4 - 1 - skeleton start\debug\program1.exe
c:\src\cg2018\alle solutions\lecture 4 - 1 - skeleton start\debug\program1.pdb
c:\src\cg2018\alle solutions\lecture 4 - 1 - skeleton start\program1\debug\vc120.idb
c:\src\cg2018\alle solutions\lecture 4 - 1 - skeleton start\program1\debug\vc140.idb
c:\src\cg2018\alle solutions\lecture 4 - 1 - skeleton start\program1\debug\vc120.pdb
c:\src\cg2018\alle solutions\lecture 4 - 1 - skeleton start\program1\debug\vc140.pdb
c:\src\cg2018\alle solutions\lecture 4 - 1 - skeleton start\program1\debug\program1.tlog\cl.command.1.tlog
c:\src\cg2018\alle solutions\lecture 4 - 1 - skeleton start\program1\debug\program1.tlog\cl.read.1.tlog
c:\src\cg2018\alle solutions\lecture 4 - 1 - skeleton start\program1\debug\program1.tlog\cl.write.1.tlog
c:\src\cg2018\alle solutions\lecture 4 - 1 - skeleton start\program1\debug\program1.tlog\link.command.1.tlog
c:\src\cg2018\alle solutions\lecture 4 - 1 - skeleton start\program1\debug\program1.tlog\link.delete.1.tlog
c:\src\cg2018\alle solutions\lecture 4 - 1 - skeleton start\program1\debug\program1.tlog\link.read.1.tlog
c:\src\cg2018\alle solutions\lecture 4 - 1 - skeleton start\program1\debug\program1.tlog\link.write.1.tlog
